Containers:
  [+] MainContainer:
   |            ID: 0x0000000000000000
   |        Bounds: IsValid=false, Min=(X=0.000 Y=0.000 Z=0.000), Max=(X=0.000 Y=0.000 Z=0.000)
   |     Transform: 0.000000,0.000000,0.000000|0.000000,0.000000,-0.000000|1.000000,1.000000,1.000000
   |     Container: /Game/ThirdPerson/Maps/ThirdPersonMap
   |  ActorDescs:
   |      - Guid:19FB51494516F4CF4DD012A124EE8B8A Class:Actor Name:Road_C_UAID_7085C2D89959DF0901_1792595920 SpatiallyLoaded:true Bounds:IsValid=true, Min=(X=1310.000 Y=2550.000 Z=660.000), Max=(X=1410.000 Y=6050.000 Z=680.000) RuntimeGrid:None EditorOnly:false LevelBoundsRelevant:true HLODRelevant:false FolderPath:None FolderGuid:00000000000000000000000000000000 Parent:00000000000000000000000000000000
   |      - Guid:1C5BEE9E4FE7F46236623F8588664BA6 Class:Actor Name:Road_C_UAID_7085C2D89959DF0901_1792440919 SpatiallyLoaded:true Bounds:IsValid=true, Min=(X=1410.000 Y=2550.000 Z=660.000), Max=(X=1510.000 Y=6050.000 Z=680.000) RuntimeGrid:None EditorOnly:false LevelBoundsRelevant:true HLODRelevant:false FolderPath:None FolderGuid:00000000000000000000000000000000 Parent:00000000000000000000000000000000
   |      - Guid:2FB58999456391D349DC0F86DAC136ED Class:SkyLight Name:SkyLight_1 SpatiallyLoaded:false Bounds:IsValid=true, Min=(X=0.000 Y=0.000 Z=690.000), Max=(X=0.000 Y=0.000 Z=690.000) RuntimeGrid:None EditorOnly:false LevelBoundsRelevant:false HLODRelevant:false FolderPath:Lighting FolderGuid:963EC3EB4002CCE9759E2EBA541A873A Parent:00000000000000000000000000000000
   |      - Guid:316CF2A6494ACA4C0E4180A87D36AB8F Class:ExponentialHeightFog Name:ExponentialHeightFog_0 SpatiallyLoaded:false Bounds:IsValid=true, Min=(X=-5600.000 Y=-50.000 Z=-6850.000), Max=(X=-5600.000 Y=-50.000 Z=-6850.000) RuntimeGrid:None EditorOnly:false LevelBoundsRelevant:false HLODRelevant:false FolderPath:Lighting FolderGuid:963EC3EB4002CCE9759E2EBA541A873A Parent:00000000000000000000000000000000
   |      - Guid:4D3BE93F4146AAAC8BBE79999D96D57F Class:VolumetricCloud Name:VolumetricCloud_0 SpatiallyLoaded:false Bounds:IsValid=true, Min=(X=0.000 Y=0.000 Z=820.000), Max=(X=0.000 Y=0.000 Z=820.000) RuntimeGrid:None EditorOnly:false LevelBoundsRelevant:false HLODRelevant:false FolderPath:Lighting FolderGuid:963EC3EB4002CCE9759E2EBA541A873A Parent:00000000000000000000000000000000
   |      - Guid:54597776400294152F3656850FC5F06A Class:Actor Name:Road_C_UAID_7085C2D89959DF0901_1752110916 SpatiallyLoaded:true Bounds:IsValid=true, Min=(X=1710.000 Y=2550.000 Z=660.000), Max=(X=1810.000 Y=6050.000 Z=680.000) RuntimeGrid:None EditorOnly:false LevelBoundsRelevant:true HLODRelevant:false FolderPath:None FolderGuid:00000000000000000000000000000000 Parent:00000000000000000000000000000000
   |      - Guid:5CF17EC64E0594FFB42387A5AC3837DA Class:Actor Name:Road_C_UAID_7085C2D89959DF0901_1792279918 SpatiallyLoaded:true Bounds:IsValid=true, Min=(X=1510.000 Y=2550.000 Z=660.000), Max=(X=1610.000 Y=6050.000 Z=680.000) RuntimeGrid:None EditorOnly:false LevelBoundsRelevant:true HLODRelevant:false FolderPath:None FolderGuid:00000000000000000000000000000000 Parent:00000000000000000000000000000000
   |      - Guid:6BAF4DDD444C60371492D3919DB42C97 Class:WorldDataLayers Name:WorldDataLayers SpatiallyLoaded:false Bounds:IsValid=true, Min=(X=0.000 Y=0.000 Z=0.000), Max=(X=0.000 Y=0.000 Z=0.000) RuntimeGrid:None EditorOnly:false LevelBoundsRelevant:false HLODRelevant:false FolderPath:None FolderGuid:00000000000000000000000000000000 Parent:00000000000000000000000000000000
   |      - Guid:A4E90C9D4F175D981C8D17B6FEFC959A Class:Actor Name:grass_C_UAID_7085C2D89959DF0901_1714788914 SpatiallyLoaded:true Bounds:IsValid=true, Min=(X=2010.000 Y=2550.000 Z=660.000), Max=(X=2110.000 Y=6050.000 Z=680.000) RuntimeGrid:None EditorOnly:false LevelBoundsRelevant:true HLODRelevant:false FolderPath:None FolderGuid:00000000000000000000000000000000 Parent:00000000000000000000000000000000
   |      - Guid:AB74105247BA97EBDDAF3DBB3119CC8B Class:Actor Name:Road_C_UAID_7085C2D89959DF0901_1791285917 SpatiallyLoaded:true Bounds:IsValid=true, Min=(X=1610.000 Y=2550.000 Z=660.000), Max=(X=1710.000 Y=6050.000 Z=680.000) RuntimeGrid:None EditorOnly:false LevelBoundsRelevant:true HLODRelevant:false FolderPath:None FolderGuid:00000000000000000000000000000000 Parent:00000000000000000000000000000000
   |      - Guid:B17D53E34B92D31B1403EC986A0F8A67 Class:Actor Name:Road_C_UAID_7085C2D89959DF0901_1609520912 SpatiallyLoaded:true Bounds:IsValid=true, Min=(X=1810.000 Y=2550.000 Z=660.000), Max=(X=1910.000 Y=6050.000 Z=680.000) RuntimeGrid:None EditorOnly:false LevelBoundsRelevant:true HLODRelevant:false FolderPath:None FolderGuid:00000000000000000000000000000000 Parent:00000000000000000000000000000000
   |      - Guid:B785ED2844B84CFB91E7F39FE661CD99 Class:DirectionalLight Name:DirectionalLight_0 SpatiallyLoaded:false Bounds:IsValid=true, Min=(X=-1048576.000 Y=-1048576.000 Z=-1048576.000), Max=(X=1048576.000 Y=1048576.000 Z=1048576.000) RuntimeGrid:None EditorOnly:false LevelBoundsRelevant:false HLODRelevant:false FolderPath:Lighting FolderGuid:963EC3EB4002CCE9759E2EBA541A873A Parent:00000000000000000000000000000000
   |      - Guid:BF62756F43020F7C40AC32AC04C5EA84 Class:PlayerStart Name:PlayerStart_UAID_7085C2D89959DF0901_1602417911 SpatiallyLoaded:false Bounds:IsValid=true, Min=(X=2000.000 Y=3390.000 Z=688.000), Max=(X=2080.000 Y=3470.000 Z=872.000) RuntimeGrid:None EditorOnly:false LevelBoundsRelevant:true HLODRelevant:false FolderPath:None FolderGuid:00000000000000000000000000000000 Parent:00000000000000000000000000000000
   |      - Guid:C10C869849B3E2C8A434B1A06520EB24 Class:Actor Name:grass_C_UAID_7085C2D89959DF0901_1738947915 SpatiallyLoaded:true Bounds:IsValid=true, Min=(X=2110.000 Y=2550.000 Z=660.000), Max=(X=2210.000 Y=6050.000 Z=680.000) RuntimeGrid:None EditorOnly:false LevelBoundsRelevant:true HLODRelevant:false FolderPath:None FolderGuid:00000000000000000000000000000000 Parent:00000000000000000000000000000000
   |      - Guid:CCFF262C46EEFFDF319E7F9539CE697E Class:SkyAtmosphere Name:SkyAtmosphere_0 SpatiallyLoaded:false Bounds:IsValid=true, Min=(X=790.000 Y=1400.000 Z=170.000), Max=(X=790.000 Y=1400.000 Z=170.000) RuntimeGrid:None EditorOnly:false LevelBoundsRelevant:false HLODRelevant:false FolderPath:Lighting FolderGuid:963EC3EB4002CCE9759E2EBA541A873A Parent:00000000000000000000000000000000
   |      - Guid:E1AA81314572FE1E8C185281F14EF1F3 Class:Actor Name:grass_C_UAID_7085C2D89959DF0901_1614691913 SpatiallyLoaded:true Bounds:IsValid=true, Min=(X=1910.000 Y=2550.000 Z=660.000), Max=(X=2010.000 Y=6050.000 Z=680.000) RuntimeGrid:None EditorOnly:false LevelBoundsRelevant:true HLODRelevant:false FolderPath:None FolderGuid:00000000000000000000000000000000 Parent:00000000000000000000000000000000
   |      - Guid:F5E3FEB3450C49844FD93DA8E083C8AD Class:PostProcessVolume Name:PostProcessVolume_0 SpatiallyLoaded:false Bounds:IsValid=true, Min=(X=0.000 Y=0.000 Z=400.000), Max=(X=200.000 Y=200.000 Z=600.000) RuntimeGrid:None EditorOnly:false LevelBoundsRelevant:false HLODRelevant:false FolderPath:Lighting FolderGuid:963EC3EB4002CCE9759E2EBA541A873A Parent:00000000000000000000000000000000
